[debug] [2022-08-14T13:00:51.867Z] ----------------------------------------------------------------------
[debug] [2022-08-14T13:00:51.868Z] Command:       /usr/local/bin/node /usr/local/bin/firebase serve --only functions:index.js
[debug] [2022-08-14T13:00:51.869Z] CLI Version:   11.6.0
[debug] [2022-08-14T13:00:51.869Z] Platform:      darwin
[debug] [2022-08-14T13:00:51.869Z] Node Version:  v16.14.0
[debug] [2022-08-14T13:00:51.870Z] Time:          Sun Aug 14 2022 08:00:51 GMT-0500 (Central Daylight Time)
[debug] [2022-08-14T13:00:51.870Z] ----------------------------------------------------------------------
[debug] 
[debug] [2022-08-14T13:00:51.939Z] > command requires scopes: ["email","openid","https://www.googleapis.com/auth/cloudplatformprojects.readonly","https://www.googleapis.com/auth/firebase","https://www.googleapis.com/auth/cloud-platform"]
[debug] [2022-08-14T13:00:51.940Z] > authorizing via signed-in user (colin@uncommonloyalty.com)
[debug] [2022-08-14T13:00:51.940Z] [iam] checking project uncommon-loyalty for permissions ["firebase.projects.get"]
[debug] [2022-08-14T13:00:51.941Z] >>> [apiv2][query] POST https://cloudresourcemanager.googleapis.com/v1/projects/uncommon-loyalty:testIamPermissions [none]
[debug] [2022-08-14T13:00:51.941Z] >>> [apiv2][(partial)header] POST https://cloudresourcemanager.googleapis.com/v1/projects/uncommon-loyalty:testIamPermissions x-goog-quota-user=projects/uncommon-loyalty
[debug] [2022-08-14T13:00:51.941Z] >>> [apiv2][body] POST https://cloudresourcemanager.googleapis.com/v1/projects/uncommon-loyalty:testIamPermissions {"permissions":["firebase.projects.get"]}
[debug] [2022-08-14T13:00:52.105Z] <<< [apiv2][status] POST https://cloudresourcemanager.googleapis.com/v1/projects/uncommon-loyalty:testIamPermissions 200
[debug] [2022-08-14T13:00:52.105Z] <<< [apiv2][body] POST https://cloudresourcemanager.googleapis.com/v1/projects/uncommon-loyalty:testIamPermissions {"permissions":["firebase.projects.get"]}
[debug] [2022-08-14T13:00:52.105Z] >>> [apiv2][query] GET https://firebase.googleapis.com/v1beta1/projects/uncommon-loyalty [none]
[debug] [2022-08-14T13:00:52.303Z] <<< [apiv2][status] GET https://firebase.googleapis.com/v1beta1/projects/uncommon-loyalty 200
[debug] [2022-08-14T13:00:52.303Z] <<< [apiv2][body] GET https://firebase.googleapis.com/v1beta1/projects/uncommon-loyalty {"projectId":"uncommon-loyalty","projectNumber":"187021555965","displayName":"Uncommon Loyalty","name":"projects/uncommon-loyalty","resources":{"hostingSite":"uncommon-loyalty","realtimeDatabaseInstance":"uncommon-loyalty-default-rtdb","storageBucket":"uncommon-loyalty.appspot.com","locationId":"us-central"},"state":"ACTIVE","etag":"1_a45b29c5-7340-45ab-aa94-481290d930d2"}
[info] ✔  functions: Using node@16 from host. {"metadata":{"emulator":{"name":"functions"},"message":"Using node@16 from host."}}
[debug] [2022-08-14T13:00:52.320Z] defaultcredentials: writing to file /Users/colinpower/.config/firebase/colin_uncommonloyalty_com_application_default_credentials.json
[debug] [2022-08-14T13:00:52.323Z] Setting GAC to /Users/colinpower/.config/firebase/colin_uncommonloyalty_com_application_default_credentials.json {"metadata":{"emulator":{"name":"functions"},"message":"Setting GAC to /Users/colinpower/.config/firebase/colin_uncommonloyalty_com_application_default_credentials.json"}}
[debug] [2022-08-14T13:00:52.324Z] >>> [apiv2][query] GET https://firebase.googleapis.com/v1beta1/projects/uncommon-loyalty/adminSdkConfig [none]
[debug] [2022-08-14T13:00:52.586Z] <<< [apiv2][status] GET https://firebase.googleapis.com/v1beta1/projects/uncommon-loyalty/adminSdkConfig 200
[debug] [2022-08-14T13:00:52.586Z] <<< [apiv2][body] GET https://firebase.googleapis.com/v1beta1/projects/uncommon-loyalty/adminSdkConfig {"projectId":"uncommon-loyalty","databaseURL":"https://uncommon-loyalty-default-rtdb.firebaseio.com","storageBucket":"uncommon-loyalty.appspot.com","locationId":"us-central"}
[info] i  functions: Watching "/Users/colinpower/Desktop/Server_UncommonLoyalty/functions" for Cloud Functions... {"metadata":{"emulator":{"name":"functions"},"message":"Watching \"/Users/colinpower/Desktop/Server_UncommonLoyalty/functions\" for Cloud Functions..."}}
[debug] [2022-08-14T13:00:52.619Z] Validating nodejs source
[debug] [2022-08-14T13:00:53.657Z] > [functions] package.json contents: {
  "name": "functions",
  "description": "Cloud Functions for Firebase",
  "scripts": {
    "lint": "eslint",
    "serve": "firebase emulators:start --only functions",
    "shell": "firebase functions:shell",
    "start": "npm run shell",
    "deploy": "firebase deploy --only functions",
    "logs": "firebase functions:log"
  },
  "engines": {
    "node": "16"
  },
  "main": "index.js",
  "type": "module",
  "dependencies": {
    "@shopify/shopify-api": "^2.1.0",
    "body-parser": "^1.19.2",
    "cross-fetch": "^3.1.5",
    "dotenv": "^16.0.0",
    "express": "^4.17.2",
    "firebase-admin": "^11.0.1",
    "firebase-functions": "^3.22.0",
    "graphql-request": "^4.0.0",
    "http": "^0.0.1-security",
    "nodemon": "^2.0.15"
  },
  "devDependencies": {
    "@types/node": "^17.0.18",
    "eslint": "^7.6.0",
    "eslint-config-google": "^0.14.0",
    "firebase-functions-test": "^0.2.0",
    "typescript": "^4.5.5"
  },
  "private": true,
  "version": "1.0.0",
  "license": "MIT"
}
[debug] [2022-08-14T13:00:53.658Z] Building nodejs source
[debug] [2022-08-14T13:00:53.658Z] Analyzing nodejs backend spec
[debug] [2022-08-14T13:00:53.660Z] Could not find functions.yaml. Must use http discovery
[debug] [2022-08-14T13:00:53.772Z] Serving at port 9015

[debug] [2022-08-14T13:00:53.881Z] Got response from /__/functions.yaml {"endpoints":{"api":{"platform":"gcfv1","eventTrigger":{"eventType":"providers/cloud.firestore/eventTypes/document.create","eventFilters":{"resource":"projects/uncommon-loyalty/databases/(default)/documents/orders-zKL7SQ0jRP8351a0NnHM/{orderID}"},"retry":false},"labels":{},"entryPoint":"api"},"helloWorld":{"platform":"gcfv1","httpsTrigger":{},"entryPoint":"helloWorld"},"shopifyAuth":{"platform":"gcfv1","httpsTrigger":{},"entryPoint":"shopifyAuth"}},"specVersion":"v1alpha1","requiredAPIs":[]}
[debug] [2022-08-14T13:00:53.886Z] shutdown requested via /__/quitquitquit

[info] ✔  functions: Loaded functions definitions from source: api, helloWorld, shopifyAuth. {"metadata":{"emulator":{"name":"functions"},"message":"Loaded functions definitions from source: api, helloWorld, shopifyAuth."}}
[info] i  functions[us-central1-api]: function ignored because the firestore emulator does not exist or is not running. {"metadata":{"emulator":{"name":"functions"},"message":"function ignored because the firestore emulator does not exist or is not running."}}
[info] ✔  functions[us-central1-helloWorld]: http function initialized (http://localhost:5000/uncommon-loyalty/us-central1/helloWorld). {"metadata":{"emulator":{"name":"functions"},"message":"\u001b[1mhttp\u001b[22m function initialized (http://localhost:5000/uncommon-loyalty/us-central1/helloWorld)."}}
[info] ✔  functions[us-central1-shopifyAuth]: http function initialized (http://localhost:5000/uncommon-loyalty/us-central1/shopifyAuth). {"metadata":{"emulator":{"name":"functions"},"message":"\u001b[1mhttp\u001b[22m function initialized (http://localhost:5000/uncommon-loyalty/us-central1/shopifyAuth)."}}
[debug] [2022-08-14T13:01:15.539Z] [work-queue] {"queueLength":1,"workRunningCount":0}
[debug] [2022-08-14T13:01:15.540Z] [work-queue] {"queueLength":0,"workRunningCount":1}
[debug] [2022-08-14T13:01:15.540Z] Accepted request GET /uncommon-loyalty/us-central1/shopifyAuth --> us-central1-shopifyAuth
[info] i  functions: Loaded environment variables from .env. 
[debug] [2022-08-14T13:01:15.554Z] [worker-pool] addWorker(us-central1-shopifyAuth) {"metadata":{"emulator":{"name":"functions"},"message":"[worker-pool] addWorker(us-central1-shopifyAuth)"}}
[debug] [2022-08-14T13:01:15.555Z] [worker-pool] Adding worker with key us-central1-shopifyAuth, total=1 {"metadata":{"emulator":{"name":"functions"},"message":"[worker-pool] Adding worker with key us-central1-shopifyAuth, total=1"}}
[debug] [2022-08-14T13:01:15.555Z] [worker-pool] submitWork(triggerId=us-central1-shopifyAuth) {"metadata":{"emulator":{"name":"functions"},"message":"[worker-pool] submitWork(triggerId=us-central1-shopifyAuth)"}}
[debug] [2022-08-14T13:01:15.555Z] [worker-us-central1-shopifyAuth-5d1eaec9-39ea-4089-ae5d-dc1d256e794d]: BUSY {"metadata":{"emulator":{"name":"functions"},"message":"[worker-us-central1-shopifyAuth-5d1eaec9-39ea-4089-ae5d-dc1d256e794d]: BUSY"}}
[info] >  Debugger attached. {"user":"Debugger attached.","metadata":{"emulator":{"name":"functions"},"function":{"name":"us-central1-shopifyAuth"},"extension":{},"message":"\u001b[90m> \u001b[39m Debugger attached."}}
[debug] [2022-08-14T13:01:16.577Z] [runtime-status] [91207] Resolved module firebase-admin {"declared":true,"installed":true,"version":"11.0.1","resolution":"/Users/colinpower/Desktop/Server_UncommonLoyalty/functions/node_modules/firebase-admin/lib/index.js"} {"metadata":{"emulator":{"name":"functions"},"function":{"name":"us-central1-shopifyAuth"},"extension":{},"message":"[runtime-status] [91207] Resolved module firebase-admin {\"declared\":true,\"installed\":true,\"version\":\"11.0.1\",\"resolution\":\"/Users/colinpower/Desktop/Server_UncommonLoyalty/functions/node_modules/firebase-admin/lib/index.js\"}"}}
[debug] [2022-08-14T13:01:16.578Z] [runtime-status] [91207] Resolved module firebase-functions {"declared":true,"installed":true,"version":"3.22.0","resolution":"/Users/colinpower/Desktop/Server_UncommonLoyalty/functions/node_modules/firebase-functions/lib/index.js"} {"metadata":{"emulator":{"name":"functions"},"function":{"name":"us-central1-shopifyAuth"},"extension":{},"message":"[runtime-status] [91207] Resolved module firebase-functions {\"declared\":true,\"installed\":true,\"version\":\"3.22.0\",\"resolution\":\"/Users/colinpower/Desktop/Server_UncommonLoyalty/functions/node_modules/firebase-functions/lib/index.js\"}"}}
[debug] [2022-08-14T13:01:16.578Z] [runtime-status] [91207] Outgoing network have been stubbed. [{"name":"http","status":"mocked"},{"name":"http","status":"mocked"},{"name":"https","status":"mocked"},{"name":"https","status":"mocked"},{"name":"net","status":"mocked"}] {"metadata":{"emulator":{"name":"functions"},"function":{"name":"us-central1-shopifyAuth"},"extension":{},"message":"[runtime-status] [91207] Outgoing network have been stubbed. [{\"name\":\"http\",\"status\":\"mocked\"},{\"name\":\"http\",\"status\":\"mocked\"},{\"name\":\"https\",\"status\":\"mocked\"},{\"name\":\"https\",\"status\":\"mocked\"},{\"name\":\"net\",\"status\":\"mocked\"}]"}}
[debug] [2022-08-14T13:01:16.579Z] [runtime-status] [91207] Resolved module firebase-functions {"declared":true,"installed":true,"version":"3.22.0","resolution":"/Users/colinpower/Desktop/Server_UncommonLoyalty/functions/node_modules/firebase-functions/lib/index.js"} {"metadata":{"emulator":{"name":"functions"},"function":{"name":"us-central1-shopifyAuth"},"extension":{},"message":"[runtime-status] [91207] Resolved module firebase-functions {\"declared\":true,\"installed\":true,\"version\":\"3.22.0\",\"resolution\":\"/Users/colinpower/Desktop/Server_UncommonLoyalty/functions/node_modules/firebase-functions/lib/index.js\"}"}}
[debug] [2022-08-14T13:01:16.616Z] [runtime-status] [91207] Checked functions.config() {"config":{}} {"metadata":{"emulator":{"name":"functions"},"function":{"name":"us-central1-shopifyAuth"},"extension":{},"message":"[runtime-status] [91207] Checked functions.config() {\"config\":{}}"}}
[debug] [2022-08-14T13:01:16.616Z] [runtime-status] [91207] firebase-functions has been stubbed. {"functionsResolution":{"declared":true,"installed":true,"version":"3.22.0","resolution":"/Users/colinpower/Desktop/Server_UncommonLoyalty/functions/node_modules/firebase-functions/lib/index.js"}} {"metadata":{"emulator":{"name":"functions"},"function":{"name":"us-central1-shopifyAuth"},"extension":{},"message":"[runtime-status] [91207] firebase-functions has been stubbed. {\"functionsResolution\":{\"declared\":true,\"installed\":true,\"version\":\"3.22.0\",\"resolution\":\"/Users/colinpower/Desktop/Server_UncommonLoyalty/functions/node_modules/firebase-functions/lib/index.js\"}}"}}
[debug] [2022-08-14T13:01:16.616Z] [runtime-status] [91207] Resolved module firebase-functions {"declared":true,"installed":true,"version":"3.22.0","resolution":"/Users/colinpower/Desktop/Server_UncommonLoyalty/functions/node_modules/firebase-functions/lib/index.js"} {"metadata":{"emulator":{"name":"functions"},"function":{"name":"us-central1-shopifyAuth"},"extension":{},"message":"[runtime-status] [91207] Resolved module firebase-functions {\"declared\":true,\"installed\":true,\"version\":\"3.22.0\",\"resolution\":\"/Users/colinpower/Desktop/Server_UncommonLoyalty/functions/node_modules/firebase-functions/lib/index.js\"}"}}
[debug] [2022-08-14T13:01:16.617Z] [runtime-status] [91207] Resolved module firebase-admin {"declared":true,"installed":true,"version":"11.0.1","resolution":"/Users/colinpower/Desktop/Server_UncommonLoyalty/functions/node_modules/firebase-admin/lib/index.js"} {"metadata":{"emulator":{"name":"functions"},"function":{"name":"us-central1-shopifyAuth"},"extension":{},"message":"[runtime-status] [91207] Resolved module firebase-admin {\"declared\":true,\"installed\":true,\"version\":\"11.0.1\",\"resolution\":\"/Users/colinpower/Desktop/Server_UncommonLoyalty/functions/node_modules/firebase-admin/lib/index.js\"}"}}
[debug] [2022-08-14T13:01:16.618Z] [runtime-status] [91207] Resolved module firebase-functions {"declared":true,"installed":true,"version":"3.22.0","resolution":"/Users/colinpower/Desktop/Server_UncommonLoyalty/functions/node_modules/firebase-functions/lib/index.js"} {"metadata":{"emulator":{"name":"functions"},"function":{"name":"us-central1-shopifyAuth"},"extension":{},"message":"[runtime-status] [91207] Resolved module firebase-functions {\"declared\":true,\"installed\":true,\"version\":\"3.22.0\",\"resolution\":\"/Users/colinpower/Desktop/Server_UncommonLoyalty/functions/node_modules/firebase-functions/lib/index.js\"}"}}
[debug] [2022-08-14T13:01:16.618Z] [runtime-status] [91207] firebase-admin has been stubbed. {"adminResolution":{"declared":true,"installed":true,"version":"11.0.1","resolution":"/Users/colinpower/Desktop/Server_UncommonLoyalty/functions/node_modules/firebase-admin/lib/index.js"}} {"metadata":{"emulator":{"name":"functions"},"function":{"name":"us-central1-shopifyAuth"},"extension":{},"message":"[runtime-status] [91207] firebase-admin has been stubbed. {\"adminResolution\":{\"declared\":true,\"installed\":true,\"version\":\"11.0.1\",\"resolution\":\"/Users/colinpower/Desktop/Server_UncommonLoyalty/functions/node_modules/firebase-admin/lib/index.js\"}}"}}
[debug] [2022-08-14T13:01:16.618Z] [runtime-status] [91207] Functions runtime initialized. {"cwd":"/Users/colinpower/Desktop/Server_UncommonLoyalty/functions","node_version":"16.14.0"} {"metadata":{"emulator":{"name":"functions"},"function":{"name":"us-central1-shopifyAuth"},"extension":{},"message":"[runtime-status] [91207] Functions runtime initialized. {\"cwd\":\"/Users/colinpower/Desktop/Server_UncommonLoyalty/functions\",\"node_version\":\"16.14.0\"}"}}
[debug] [2022-08-14T13:01:16.758Z] [runtime-status] [91207] Beginning invocation function shopifyAuth! {"metadata":{"emulator":{"name":"functions"},"function":{"name":"us-central1-shopifyAuth"},"extension":{},"message":"[runtime-status] [91207] Beginning invocation function shopifyAuth!"}}
[info] i  functions: Beginning execution of "shopifyAuth" {"metadata":{"emulator":{"name":"functions"},"function":{"name":"us-central1-shopifyAuth"},"extension":{},"message":"Beginning execution of \"shopifyAuth\""}}
[debug] [2022-08-14T13:01:16.758Z] [runtime-status] [91207] Running shopifyAuth in signature http {"metadata":{"emulator":{"name":"functions"},"function":{"name":"us-central1-shopifyAuth"},"extension":{},"message":"[runtime-status] [91207] Running shopifyAuth in signature http"}}
[debug] [2022-08-14T13:01:16.761Z] [runtime-status] [91207] Listening to port: /var/folders/d4/djqdt0hx7rs1qs_cnh_ff9jw0000gn/T/fire_emu_ab9b14ae16576b74.sock {"metadata":{"emulator":{"name":"functions"},"function":{"name":"us-central1-shopifyAuth"},"extension":{},"message":"[runtime-status] [91207] Listening to port: /var/folders/d4/djqdt0hx7rs1qs_cnh_ff9jw0000gn/T/fire_emu_ab9b14ae16576b74.sock"}}
[debug] [2022-08-14T13:01:16.775Z] [functions] Runtime ready! Sending request! {"metadata":{"emulator":{"name":"functions"},"message":"[functions] Runtime ready! Sending request!"}}
[debug] [2022-08-14T13:01:16.775Z] [functions] Got req.url=/uncommon-loyalty/us-central1/shopifyAuth, mapping to path=/ {"metadata":{"emulator":{"name":"functions"},"message":"[functions] Got req.url=/uncommon-loyalty/us-central1/shopifyAuth, mapping to path=/"}}
[debug] [2022-08-14T13:01:16.777Z] [runtime-status] [91207] Ephemeral server handling GET request {"metadata":{"emulator":{"name":"functions"},"function":{"name":"us-central1-shopifyAuth"},"extension":{},"message":"[runtime-status] [91207] Ephemeral server handling GET request"}}
[debug] [2022-08-14T13:01:16.782Z] [runtime-status] [91207] Ephemeral server survived. {"metadata":{"emulator":{"name":"functions"},"function":{"name":"us-central1-shopifyAuth"},"extension":{},"message":"[runtime-status] [91207] Ephemeral server survived."}}
[info] i  functions: Finished "shopifyAuth" in ~1s {"metadata":{"emulator":{"name":"functions"},"function":{"name":"us-central1-shopifyAuth"},"extension":{},"message":"Finished \"shopifyAuth\" in ~1s"}}
[debug] [2022-08-14T13:01:16.782Z] [worker-us-central1-shopifyAuth-5d1eaec9-39ea-4089-ae5d-dc1d256e794d]: IDLE {"metadata":{"emulator":{"name":"functions"},"message":"[worker-us-central1-shopifyAuth-5d1eaec9-39ea-4089-ae5d-dc1d256e794d]: IDLE"}}
[debug] [2022-08-14T13:01:16.782Z] [work-queue] {"queueLength":0,"workRunningCount":0}
[debug] [2022-08-14T13:01:16.783Z] Functions emulator received unknown request at path /auth
[debug] [2022-08-14T13:01:16.809Z] Functions emulator received unknown request at path /favicon.ico
[debug] [2022-08-14T13:08:52.307Z] File /Users/colinpower/Desktop/Server_UncommonLoyalty/functions/index.js changed, reloading triggers {"metadata":{"emulator":{"name":"functions"},"message":"File /Users/colinpower/Desktop/Server_UncommonLoyalty/functions/index.js changed, reloading triggers"}}
[debug] [2022-08-14T13:08:53.326Z] Validating nodejs source
[debug] [2022-08-14T13:08:54.625Z] > [functions] package.json contents: {
  "name": "functions",
  "description": "Cloud Functions for Firebase",
  "scripts": {
    "lint": "eslint",
    "serve": "firebase emulators:start --only functions",
    "shell": "firebase functions:shell",
    "start": "npm run shell",
    "deploy": "firebase deploy --only functions",
    "logs": "firebase functions:log"
  },
  "engines": {
    "node": "16"
  },
  "main": "index.js",
  "type": "module",
  "dependencies": {
    "@shopify/shopify-api": "^2.1.0",
    "body-parser": "^1.19.2",
    "cross-fetch": "^3.1.5",
    "dotenv": "^16.0.0",
    "express": "^4.17.2",
    "firebase-admin": "^11.0.1",
    "firebase-functions": "^3.22.0",
    "graphql-request": "^4.0.0",
    "http": "^0.0.1-security",
    "nodemon": "^2.0.15"
  },
  "devDependencies": {
    "@types/node": "^17.0.18",
    "eslint": "^7.6.0",
    "eslint-config-google": "^0.14.0",
    "firebase-functions-test": "^0.2.0",
    "typescript": "^4.5.5"
  },
  "private": true,
  "version": "1.0.0",
  "license": "MIT"
}
[debug] [2022-08-14T13:08:54.626Z] Building nodejs source
[debug] [2022-08-14T13:08:54.626Z] Analyzing nodejs backend spec
[debug] [2022-08-14T13:08:54.626Z] Could not find functions.yaml. Must use http discovery
[debug] [2022-08-14T13:08:54.726Z] Serving at port 9015

[debug] [2022-08-14T13:08:54.846Z] Got response from /__/functions.yaml {"endpoints":{"api":{"platform":"gcfv1","eventTrigger":{"eventType":"providers/cloud.firestore/eventTypes/document.create","eventFilters":{"resource":"projects/uncommon-loyalty/databases/(default)/documents/orders-zKL7SQ0jRP8351a0NnHM/{orderID}"},"retry":false},"labels":{},"entryPoint":"api"},"helloWorld":{"platform":"gcfv1","httpsTrigger":{},"entryPoint":"helloWorld"},"shopifyAuth":{"platform":"gcfv1","httpsTrigger":{},"entryPoint":"shopifyAuth"}},"specVersion":"v1alpha1","requiredAPIs":[]}
[debug] [2022-08-14T13:08:54.850Z] shutdown requested via /__/quitquitquit

[info] ✔  functions: Loaded functions definitions from source: api, helloWorld, shopifyAuth. {"metadata":{"emulator":{"name":"functions"},"message":"Loaded functions definitions from source: api, helloWorld, shopifyAuth."}}
[debug] [2022-08-14T13:08:54.854Z] [worker-pool] Shutting down IDLE worker (us-central1-shopifyAuth) {"metadata":{"emulator":{"name":"functions"},"message":"[worker-pool] Shutting down IDLE worker (us-central1-shopifyAuth)"}}
[debug] [2022-08-14T13:08:54.854Z] [worker-us-central1-shopifyAuth-5d1eaec9-39ea-4089-ae5d-dc1d256e794d]: FINISHING {"metadata":{"emulator":{"name":"functions"},"message":"[worker-us-central1-shopifyAuth-5d1eaec9-39ea-4089-ae5d-dc1d256e794d]: FINISHING"}}
[debug] [2022-08-14T13:08:54.865Z] [worker-us-central1-shopifyAuth-5d1eaec9-39ea-4089-ae5d-dc1d256e794d]: exited {"metadata":{"emulator":{"name":"functions"},"message":"[worker-us-central1-shopifyAuth-5d1eaec9-39ea-4089-ae5d-dc1d256e794d]: exited"}}
[debug] [2022-08-14T13:08:54.865Z] [worker-us-central1-shopifyAuth-5d1eaec9-39ea-4089-ae5d-dc1d256e794d]: FINISHED {"metadata":{"emulator":{"name":"functions"},"message":"[worker-us-central1-shopifyAuth-5d1eaec9-39ea-4089-ae5d-dc1d256e794d]: FINISHED"}}
